TN:
SF:script/Counter.s.sol
DA:10,0
FN:10,CounterScript.setUp
FNDA:0,CounterScript.setUp
DA:12,0
FN:12,CounterScript.run
FNDA:0,CounterScript.run
DA:13,0
DA:15,0
DA:17,0
FNF:2
FNH:0
LF:5
LH:0
BRF:0
BRH:0
end_of_record
TN:
SF:src/Counter.sol
DA:7,258
FN:7,Counter.setNumber
FNDA:258,Counter.setNumber
DA:8,258
DA:11,1
FN:11,Counter.increment
FNDA:1,Counter.increment
DA:12,1
FNF:2
FNH:2
LF:4
LH:4
BRF:0
BRH:0
end_of_record
TN:
SF:src/Staking.sol
DA:30,10
FN:30,StakingRewards.constructor
FNDA:10,StakingRewards.constructor
DA:31,10
DA:32,10
DA:33,10
DA:36,7
FN:36,StakingRewards.onlyOwner
FNDA:7,StakingRewards.onlyOwner
DA:37,7
BRDA:37,0,0,1
BRDA:37,0,1,5
DA:41,2
FN:41,StakingRewards.updateReward
FNDA:2,StakingRewards.updateReward
DA:42,2
DA:43,2
DA:45,2
BRDA:45,1,0,2
DA:46,2
DA:47,2
DA:53,1
FN:53,StakingRewards.lastTimeRewardApplicable
FNDA:1,StakingRewards.lastTimeRewardApplicable
DA:54,21
DA:57,1
FN:57,StakingRewards.rewardPerToken
FNDA:1,StakingRewards.rewardPerToken
DA:58,25
BRDA:58,2,0,20
DA:59,20
DA:62,5
DA:65,5
FN:65,StakingRewards.stake
FNDA:5,StakingRewards.stake
DA:66,5
BRDA:66,3,0,1
BRDA:66,3,1,4
DA:67,4
DA:68,4
DA:69,4
DA:72,2
FN:72,StakingRewards.withdraw
FNDA:2,StakingRewards.withdraw
DA:73,2
BRDA:73,4,0,1
BRDA:73,4,1,1
DA:74,1
DA:75,1
DA:76,1
DA:79,1
FN:79,StakingRewards.earned
FNDA:1,StakingRewards.earned
DA:80,9
DA:81,9
DA:84,1
FN:84,StakingRewards.getReward
FNDA:1,StakingRewards.getReward
DA:85,1
DA:86,1
BRDA:86,5,0,1
DA:87,1
DA:88,1
DA:92,6
FN:92,StakingRewards.setRewardsDuration
FNDA:6,StakingRewards.setRewardsDuration
DA:93,5
BRDA:93,6,0,1
BRDA:93,6,1,4
DA:94,4
DA:97,7
FN:97,StakingRewards.notifyRewardAmount
FNDA:7,StakingRewards.notifyRewardAmount
DA:98,7
BRDA:98,7,0,6
BRDA:98,7,1,1
DA:99,6
DA:101,1
DA:102,1
DA:105,7
BRDA:105,8,0,1
BRDA:105,8,1,6
DA:106,6
BRDA:106,9,0,1
BRDA:106,9,1,5
DA:108,5
DA:109,5
DA:112,21
FN:112,StakingRewards._min
FNDA:21,StakingRewards._min
DA:113,21
FNF:12
FNH:12
LF:50
LH:50
BRF:17
BRH:17
end_of_record
