TN:
SF:script/Counter.s.sol
DA:10,0
FN:10,CounterScript.setUp
FNDA:0,CounterScript.setUp
DA:12,0
FN:12,CounterScript.run
FNDA:0,CounterScript.run
DA:13,0
DA:15,0
DA:17,0
FNF:2
FNH:0
LF:5
LH:0
BRF:0
BRH:0
end_of_record
TN:
SF:src/Counter.sol
DA:7,258
FN:7,Counter.setNumber
FNDA:258,Counter.setNumber
DA:8,258
DA:11,1
FN:11,Counter.increment
FNDA:1,Counter.increment
DA:12,1
FNF:2
FNH:2
LF:4
LH:4
BRF:0
BRH:0
end_of_record
TN:
SF:src/Staking.sol
DA:30,7
FN:30,StakingRewards.constructor
FNDA:7,StakingRewards.constructor
DA:31,7
DA:32,7
DA:33,7
DA:36,4
FN:36,StakingRewards.onlyOwner
FNDA:4,StakingRewards.onlyOwner
DA:37,4
BRDA:37,0,0,1
BRDA:37,0,1,2
DA:41,2
FN:41,StakingRewards.updateReward
FNDA:2,StakingRewards.updateReward
DA:42,2
DA:43,2
DA:45,2
BRDA:45,1,0,2
DA:46,2
DA:47,2
DA:53,0
FN:53,StakingRewards.lastTimeRewardApplicable
FNDA:0,StakingRewards.lastTimeRewardApplicable
DA:54,12
DA:57,0
FN:57,StakingRewards.rewardPerToken
FNDA:0,StakingRewards.rewardPerToken
DA:58,16
BRDA:58,2,0,14
DA:59,14
DA:62,2
DA:65,3
FN:65,StakingRewards.stake
FNDA:3,StakingRewards.stake
DA:66,3
BRDA:66,3,0,1
BRDA:66,3,1,2
DA:67,2
DA:68,2
DA:69,2
DA:72,2
FN:72,StakingRewards.withdraw
FNDA:2,StakingRewards.withdraw
DA:73,2
BRDA:73,4,0,1
BRDA:73,4,1,1
DA:74,1
DA:75,1
DA:76,1
DA:79,0
FN:79,StakingRewards.earned
FNDA:0,StakingRewards.earned
DA:80,6
DA:81,6
DA:84,1
FN:84,StakingRewards.getReward
FNDA:1,StakingRewards.getReward
DA:85,1
DA:86,1
BRDA:86,5,0,-
DA:87,0
DA:88,0
DA:92,3
FN:92,StakingRewards.setRewardsDuration
FNDA:3,StakingRewards.setRewardsDuration
DA:93,2
BRDA:93,6,0,1
BRDA:93,6,1,1
DA:94,1
DA:97,4
FN:97,StakingRewards.notifyRewardAmount
FNDA:4,StakingRewards.notifyRewardAmount
DA:98,4
BRDA:98,7,0,3
BRDA:98,7,1,1
DA:99,3
DA:101,1
DA:102,1
DA:105,4
BRDA:105,8,0,1
BRDA:105,8,1,3
DA:106,3
BRDA:106,9,0,1
BRDA:106,9,1,2
DA:108,2
DA:109,2
DA:112,12
FN:112,StakingRewards._min
FNDA:12,StakingRewards._min
DA:113,12
FNF:12
FNH:9
LF:50
LH:45
BRF:17
BRH:16
end_of_record
